<?xml version="1.0" encoding="UTF-8"?>
<!-- Generated by org.testng.reporters.JUnitReportReporter -->
<testsuite hostname="DmitryFRAMEWORK" name="core.NewGenerationTest" tests="4" failures="0" timestamp="18 Mar 2017 02:00:42 GMT" time="0.020" errors="0">
  <testcase name="f1" time="0.014" classname="core.NewGenerationTest"/>
  <testcase name="f2" time="0.001" classname="core.NewGenerationTest"/>
  <testcase name="f4" time="0.004" classname="core.NewGenerationTest"/>
  <testcase name="f3" time="0.001" classname="core.NewGenerationTest"/>
</testsuite> <!-- core.NewGenerationTest -->
