<?xml version="1.0" encoding="UTF-8"?>
<!-- Generated by org.testng.reporters.JUnitReportReporter -->
<testsuite name="core.NewGenerationTest" tests="1" time="0.013" ignored="0" failures="0" timestamp="17 Dec 2016 04:24:18 GMT" skipped="0" hostname="DmitryFRAMEWORK" errors="0">
  <testcase name="f" time="0.013" classname="core.NewGenerationTest"/>
</testsuite> <!-- core.NewGenerationTest -->
